<?xml version="1.0" encoding="UTF-8"?>
<!-- Generated by org.testng.reporters.JUnitReportReporter -->
<testsuite hostname="DESKTOP-VH9QQ5E" failures="0" tests="1" name="mymavenproject.myActivity_1" time="16.200" errors="0" timestamp="2022-07-03T13:55:55 IST" skipped="0">
  <testcase classname="mymavenproject.myActivity_1" name="data" time="16.200"/>
  <system-out/>
</testsuite> <!-- mymavenproject.myActivity_1 -->
